<?xml version="1.0" encoding="UTF-8"?>
<testsuite name="PythagoreanTripletTest" tests="7" skipped="0" failures="0" errors="0" timestamp="2022-01-11T21:59:48" hostname="DESKTOP-G92JOKE" time="0.448">
  <properties/>
  <testcase name="tripletsWhoseSumIs1000" classname="PythagoreanTripletTest" time="0.022"/>
  <testcase name="tripletsWhoseSumIs1001" classname="PythagoreanTripletTest" time="0.002"/>
  <testcase name="tripletsWhoseSumIs108" classname="PythagoreanTripletTest" time="0.0"/>
  <testcase name="tripletsWhoseSumIs840" classname="PythagoreanTripletTest" time="0.002"/>
  <testcase name="tripletsWhoseSumIs12" classname="PythagoreanTripletTest" time="0.0"/>
  <testcase name="tripletsWhoseSumIs90" classname="PythagoreanTripletTest" time="0.0"/>
  <testcase name="tripletsWhoseSumIs30000" classname="PythagoreanTripletTest" time="0.419"/>
  <system-out><![CDATA[]]></system-out>
  <system-err><![CDATA[]]></system-err>
</testsuite>
